<?xml version="1.0" encoding="UTF-8"?>
<testsuite name="findUrgentTasksDueWithinOneHour — 긴급 마감 태스크" tests="2" skipped="0" failures="0" errors="0" timestamp="2026-05-19T03:50:20" hostname="bagjeong-uui-MacBookPro.local" time="0.051">
  <properties/>
  <testcase name="정상 케이스: 1시간 이내 마감 PENDING Task만 반환" classname="com.teamsigma.taskmanager.repository.TaskRepositoryTest$UrgentTaskTest" time="0.045"/>
  <testcase name="엣지 케이스: 마감이 이미 지난 Task는 포함되지 않음 (BETWEEN 하한 기준)" classname="com.teamsigma.taskmanager.repository.TaskRepositoryTest$UrgentTaskTest" time="0.004"/>
  <system-out><![CDATA[12:50:19.901 [Test worker] INFO org.springframework.test.context.support.AnnotationConfigContextLoaderUtils -- Could not detect default configuration classes for test class [com.teamsigma.taskmanager.repository.TaskRepositoryTest$UrgentTaskTest]: UrgentTaskTest does not declare any static, non-private, non-final, nested classes annotated with @Configuration.
12:50:19.905 [Test worker] INFO org.springframework.boot.test.context.SpringBootTestContextBootstrapper -- Found @SpringBootConfiguration com.teamsigma.taskmanager.TaskManagerApplication for test class com.teamsigma.taskmanager.repository.TaskRepositoryTest$UrgentTaskTest
  .   ____          _            __ _ _
 /\\ / ___'_ __ _ _(_)_ __  __ _ \ \ \ \
( ( )\___ | '_ | '_| | '_ \/ _` | \ \ \ \
 \\/  ___)| |_)| | | | | || (_| |  ) ) ) )
  '  |____| .__|_| |_|_| |_\__, | / / / /
 =========|_|==============|___/=/_/_/_/

 :: Spring Boot ::                (v3.3.0)

2026-05-19T12:50:19.999+09:00  INFO 16165 --- [    Test worker] c.t.t.repository.TaskRepositoryTest      : Starting TaskRepositoryTest using Java 17.0.19 with PID 16165 (started by jungwoop7 in /Users/jungwoop7/Library/Mobile Documents/com~apple~CloudDocs/workspace/antigravity-workspace/oss_project/taskmanager)
2026-05-19T12:50:20.000+09:00  INFO 16165 --- [    Test worker] c.t.t.repository.TaskRepositoryTest      : No active profile set, falling back to 1 default profile: "default"
2026-05-19T12:50:20.113+09:00  INFO 16165 --- [    Test worker] .s.d.r.c.RepositoryConfigurationDelegate : Bootstrapping Spring Data JPA repositories in DEFAULT mode.
2026-05-19T12:50:20.131+09:00  INFO 16165 --- [    Test worker] .s.d.r.c.RepositoryConfigurationDelegate : Finished Spring Data repository scanning in 15 ms. Found 2 JPA repository interfaces.
2026-05-19T12:50:20.146+09:00  INFO 16165 --- [    Test worker] beddedDataSourceBeanFactoryPostProcessor : Replacing 'dataSource' DataSource bean with embedded version
2026-05-19T12:50:20.203+09:00  INFO 16165 --- [    Test worker] o.s.j.d.e.EmbeddedDatabaseFactory        : Starting embedded database: url='jdbc:h2:mem:3e16e020-1fbf-4653-9a78-ee471f0d7731;DB_CLOSE_DELAY=-1;DB_CLOSE_ON_EXIT=false', username='sa'
2026-05-19T12:50:20.273+09:00  INFO 16165 --- [    Test worker] o.hibernate.jpa.internal.util.LogHelper  : HHH000204: Processing PersistenceUnitInfo [name: default]
2026-05-19T12:50:20.284+09:00  INFO 16165 --- [    Test worker] org.hibernate.Version                    : HHH000412: Hibernate ORM core version 6.5.2.Final
2026-05-19T12:50:20.291+09:00  INFO 16165 --- [    Test worker] o.h.c.internal.RegionFactoryInitiator    : HHH000026: Second-level cache disabled
2026-05-19T12:50:20.320+09:00  INFO 16165 --- [    Test worker] o.s.o.j.p.SpringPersistenceUnitInfo      : No LoadTimeWeaver setup: ignoring JPA class transformer
2026-05-19T12:50:20.516+09:00  INFO 16165 --- [    Test worker] o.h.e.t.j.p.i.JtaPlatformInitiator       : HHH000489: No JTA platform available (set 'hibernate.transaction.jta.platform' to enable JTA platform integration)
Hibernate: drop table if exists tasks cascade 
Hibernate: drop table if exists user_activity_logs cascade 
Hibernate: drop table if exists users cascade 
Hibernate: create table tasks (delay_count integer not null, estimated_minutes integer not null, importance integer not null, created_at timestamp(6) not null, deadline timestamp(6), id bigint generated by default as identity, updated_at timestamp(6) not null, user_id bigint not null, description varchar(1000), title varchar(255) not null, required_energy enum ('HIGH','LOW','MEDIUM') not null, status enum ('ARCHIVED','COMPLETED','PENDING','SNOOZED') not null, primary key (id))
Hibernate: create table user_activity_logs (context_available_minutes integer not null, task_delay_count integer not null, task_estimated_minutes integer not null, task_importance integer not null, id bigint generated by default as identity, logged_at timestamp(6) not null, task_id bigint not null, user_id bigint not null, action_type enum ('ARCHIVED','ARCHIVE_REJECTED','COMPLETED','SNOOZED') not null, context_energy enum ('HIGH','LOW','MEDIUM') not null, primary key (id))
Hibernate: create table users (id bigint generated by default as identity, email varchar(255) not null unique, nickname varchar(255) not null, primary key (id))
Hibernate: create index idx_task_user_status_energy on tasks (user_id, status, required_energy)
Hibernate: create index idx_task_user_deadline on tasks (user_id, deadline)
Hibernate: create index idx_log_user_action_time on user_activity_logs (user_id, action_type, logged_at)
Hibernate: create index idx_log_task on user_activity_logs (task_id)
Hibernate: alter table if exists tasks add constraint FK6s1ob9k4ihi75xbxe2w0ylsdh foreign key (user_id) references users
2026-05-19T12:50:20.529+09:00  INFO 16165 --- [    Test worker] j.LocalContainerEntityManagerFactoryBean : Initialized JPA EntityManagerFactory for persistence unit 'default'
2026-05-19T12:50:20.610+09:00  INFO 16165 --- [    Test worker] o.s.d.j.r.query.QueryEnhancerFactory     : Hibernate is in classpath; If applicable, HQL parser will be used.
2026-05-19T12:50:20.785+09:00  INFO 16165 --- [    Test worker] c.t.t.repository.TaskRepositoryTest      : Started TaskRepositoryTest in 0.868 seconds (process running for 1.604)
Hibernate: insert into users (email,nickname,id) values (?,?,default)
Hibernate: insert into tasks (created_at,deadline,delay_count,description,estimated_minutes,importance,required_energy,status,title,updated_at,user_id,id) values (?,?,?,?,?,?,?,?,?,?,?,default)
Hibernate: insert into tasks (created_at,deadline,delay_count,description,estimated_minutes,importance,required_energy,status,title,updated_at,user_id,id) values (?,?,?,?,?,?,?,?,?,?,?,default)
Hibernate: insert into tasks (created_at,deadline,delay_count,description,estimated_minutes,importance,required_energy,status,title,updated_at,user_id,id) values (?,?,?,?,?,?,?,?,?,?,?,default)
Hibernate: select t1_0.id,t1_0.created_at,t1_0.deadline,t1_0.delay_count,t1_0.description,t1_0.estimated_minutes,t1_0.importance,t1_0.required_energy,t1_0.status,t1_0.title,t1_0.updated_at,t1_0.user_id from tasks t1_0 where t1_0.user_id=? and t1_0.status='PENDING' and t1_0.deadline is not null and t1_0.deadline between localtimestamp and dateadd(hour,1,localtimestamp) order by t1_0.deadline
Hibernate: insert into users (email,nickname,id) values (?,?,default)
Hibernate: insert into tasks (created_at,deadline,delay_count,description,estimated_minutes,importance,required_energy,status,title,updated_at,user_id,id) values (?,?,?,?,?,?,?,?,?,?,?,default)
Hibernate: select t1_0.id,t1_0.created_at,t1_0.deadline,t1_0.delay_count,t1_0.description,t1_0.estimated_minutes,t1_0.importance,t1_0.required_energy,t1_0.status,t1_0.title,t1_0.updated_at,t1_0.user_id from tasks t1_0 where t1_0.user_id=? and t1_0.status='PENDING' and t1_0.deadline is not null and t1_0.deadline between localtimestamp and dateadd(hour,1,localtimestamp) order by t1_0.deadline
]]></system-out>
  <system-err><![CDATA[]]></system-err>
</testsuite>
