<?xml version="1.0" encoding="UTF-8"?>
<testsuite name="handleTaskAction — 로그 적재" tests="4" skipped="0" failures="0" errors="0" timestamp="2026-05-19T03:50:19" hostname="bagjeong-uui-MacBookPro.local" time="0.007">
  <properties/>
  <testcase name="정상 케이스: ARCHIVED 이벤트도 로그 적재됨" classname="com.teamsigma.taskmanager.listener.TaskActivityListenerTest$HandleTaskActionTest" time="0.002"/>
  <testcase name="정상 케이스: 미루기 후 delayCount가 로그 스냅샷에 반영됨" classname="com.teamsigma.taskmanager.listener.TaskActivityListenerTest$HandleTaskActionTest" time="0.001"/>
  <testcase name="정상 케이스: COMPLETED 이벤트 수신 시 로그가 1회 저장됨" classname="com.teamsigma.taskmanager.listener.TaskActivityListenerTest$HandleTaskActionTest" time="0.001"/>
  <testcase name="정상 케이스: 저장되는 로그의 스냅샷 필드가 이벤트 값과 일치" classname="com.teamsigma.taskmanager.listener.TaskActivityListenerTest$HandleTaskActionTest" time="0.001"/>
  <system-out><![CDATA[12:50:19.813 [Test worker] INFO com.teamsigma.taskmanager.listener.TaskActivityListener -- [ActivityLog] userId=null, taskId=null, action=ARCHIVED, energy=LOW, available=20min
12:50:19.815 [Test worker] INFO com.teamsigma.taskmanager.listener.TaskActivityListener -- [ActivityLog] userId=null, taskId=null, action=SNOOZED, energy=MEDIUM, available=60min
12:50:19.817 [Test worker] INFO com.teamsigma.taskmanager.listener.TaskActivityListener -- [ActivityLog] userId=null, taskId=null, action=COMPLETED, energy=HIGH, available=90min
12:50:19.818 [Test worker] INFO com.teamsigma.taskmanager.listener.TaskActivityListener -- [ActivityLog] userId=null, taskId=null, action=SNOOZED, energy=LOW, available=45min
]]></system-out>
  <system-err><![CDATA[]]></system-err>
</testsuite>
