<?xml version="1.0" encoding="UTF-8"?>
<testsuite name="TaskRepository Hard Constraint 쿼리 테스트" tests="0" skipped="0" failures="0" errors="0" timestamp="1970-01-01T00:00:00" hostname="bagjeong-uui-MacBookPro.local" time="0.0">
  <properties/>
  <system-out><![CDATA[12:50:19.847 [Test worker] INFO org.springframework.test.context.support.AnnotationConfigContextLoaderUtils -- Could not detect default configuration classes for test class [com.teamsigma.taskmanager.repository.TaskRepositoryTest]: TaskRepositoryTest does not declare any static, non-private, non-final, nested classes annotated with @Configuration.
12:50:19.893 [Test worker] INFO org.springframework.boot.test.context.SpringBootTestContextBootstrapper -- Found @SpringBootConfiguration com.teamsigma.taskmanager.TaskManagerApplication for test class com.teamsigma.taskmanager.repository.TaskRepositoryTest
]]></system-out>
  <system-err><![CDATA[]]></system-err>
</testsuite>
